2024-10-31 00:17:10 [info] : Remove thread nums: 7
2024-10-31 00:17:15 [info] : Remove thread nums: 7
2024-10-31 00:17:20 [info] : Remove thread nums: 7
2024-10-31 00:17:25 [info] : Remove thread nums: 7
2024-10-31 00:17:30 [info] : Remove thread nums: 7
2024-10-31 00:17:35 [info] : Remove thread nums: 7
2024-10-31 00:17:40 [info] : Remove thread nums: 7
2024-10-31 00:17:44 [info] : Client[27] in!
2024-10-31 00:17:44 [info] : Client[28] in!
2024-10-31 00:17:44 [debug]: [GET], [/register.html], [1.1]
2024-10-31 00:17:44 [debug]: Request content is /register.html
2024-10-31 00:17:44 [debug]: file path /project/webserver/resources/register.html
2024-10-31 00:17:44 [debug]: filesize:3289, 2 to 3411
2024-10-31 00:17:44 [info] : Client[29] in!
2024-10-31 00:17:44 [info] : Client[30] in!
2024-10-31 00:17:44 [info] : Client[31] in!
2024-10-31 00:17:44 [debug]: [GET], [/css/bootstrap.min.css], [1.1]
2024-10-31 00:17:44 [debug]: Request content is /css/bootstrap.min.css
2024-10-31 00:17:44 [debug]: file path /project/webserver/resources/css/bootstrap.min.css
2024-10-31 00:17:44 [debug]: filesize:121260, 2 to 121384
2024-10-31 00:17:44 [debug]: [GET], [/css/animate.css], [1.1]
2024-10-31 00:17:44 [debug]: Request content is /css/animate.css
2024-10-31 00:17:44 [debug]: file path /project/webserver/resources/css/animate.css
2024-10-31 00:17:44 [debug]: filesize:72922, 2 to 73045
2024-10-31 00:17:44 [debug]: [GET], [/css/style.css], [1.1]
2024-10-31 00:17:44 [debug]: Request content is /css/style.css
2024-10-31 00:17:44 [debug]: file path /project/webserver/resources/css/style.css
2024-10-31 00:17:44 [debug]: filesize:9807, 2 to 9929
2024-10-31 00:17:44 [info] : Client[32] in!
2024-10-31 00:17:44 [debug]: [GET], [/css/magnific-popup.css], [1.1]
2024-10-31 00:17:44 [debug]: Request content is /css/magnific-popup.css
2024-10-31 00:17:44 [debug]: file path /project/webserver/resources/css/magnific-popup.css
2024-10-31 00:17:44 [debug]: filesize:6951, 2 to 7073
2024-10-31 00:17:44 [debug]: [GET], [/css/font-awesome.min.css], [1.1]
2024-10-31 00:17:44 [debug]: Request content is /css/font-awesome.min.css
2024-10-31 00:17:44 [debug]: file path /project/webserver/resources/css/font-awesome.min.css
2024-10-31 00:17:44 [debug]: filesize:27392, 2 to 27515
2024-10-31 00:17:44 [debug]: [GET], [/js/jquery.js], [1.1]
2024-10-31 00:17:44 [debug]: Request content is /js/jquery.js
2024-10-31 00:17:44 [debug]: file path /project/webserver/resources/js/jquery.js
2024-10-31 00:17:44 [debug]: filesize:85658, 2 to 85788
2024-10-31 00:17:44 [debug]: [GET], [/js/smoothscroll.js], [1.1]
2024-10-31 00:17:44 [debug]: Request content is /js/smoothscroll.js
2024-10-31 00:17:44 [debug]: file path /project/webserver/resources/js/smoothscroll.js
2024-10-31 00:17:44 [debug]: filesize:4474, 2 to 4603
2024-10-31 00:17:44 [debug]: [GET], [/js/jquery.magnific-popup.min.js], [1.1]
2024-10-31 00:17:44 [debug]: Request content is /js/jquery.magnific-popup.min.js
2024-10-31 00:17:44 [debug]: file path /project/webserver/resources/js/jquery.magnific-popup.min.js
2024-10-31 00:17:44 [debug]: filesize:20932, 2 to 21062
2024-10-31 00:17:44 [debug]: [GET], [/js/bootstrap.min.js], [1.1]
2024-10-31 00:17:44 [debug]: Request content is /js/bootstrap.min.js
2024-10-31 00:17:44 [debug]: file path /project/webserver/resources/js/bootstrap.min.js
2024-10-31 00:17:44 [debug]: filesize:36868, 2 to 36998
2024-10-31 00:17:44 [debug]: [GET], [/js/magnific-popup-options.js], [1.1]
2024-10-31 00:17:44 [debug]: Request content is /js/magnific-popup-options.js
2024-10-31 00:17:44 [debug]: file path /project/webserver/resources/js/magnific-popup-options.js
2024-10-31 00:17:44 [debug]: filesize:1069, 2 to 1198
2024-10-31 00:17:44 [debug]: [GET], [/js/wow.min.js], [1.1]
2024-10-31 00:17:44 [debug]: Request content is /js/wow.min.js
2024-10-31 00:17:44 [debug]: file path /project/webserver/resources/js/wow.min.js
2024-10-31 00:17:44 [debug]: filesize:7082, 2 to 7211
2024-10-31 00:17:44 [debug]: [GET], [/js/custom.js], [1.1]
2024-10-31 00:17:44 [debug]: Request content is /js/custom.js
2024-10-31 00:17:44 [debug]: file path /project/webserver/resources/js/custom.js
2024-10-31 00:17:44 [debug]: filesize:1047, 2 to 1176
2024-10-31 00:17:45 [info] : Remove thread nums: 7
2024-10-31 00:17:50 [info] : Remove thread nums: 7
2024-10-31 00:17:53 [info] : Client[30] quit, the quit reason is: Epoll cause close.
2024-10-31 00:17:53 [info] : Client [30] quit
2024-10-31 00:17:53 [info] : Client[27] quit, the quit reason is: Epoll cause close.
2024-10-31 00:17:53 [info] : Client [27] quit
2024-10-31 00:17:53 [info] : Client[31] quit, the quit reason is: Epoll cause close.
2024-10-31 00:17:53 [info] : Client [31] quit
2024-10-31 00:17:53 [info] : Client[32] quit, the quit reason is: Epoll cause close.
2024-10-31 00:17:53 [info] : Client [32] quit
2024-10-31 00:17:53 [info] : Client[29] quit, the quit reason is: Epoll cause close.
2024-10-31 00:17:53 [info] : Client [29] quit
2024-10-31 00:17:53 [info] : Client[28] quit, the quit reason is: Epoll cause close.
2024-10-31 00:17:53 [info] : Client [28] quit
2024-10-31 00:17:55 [info] : Remove thread nums: 7
2024-10-31 00:17:59 [info] : Client[27] in!
2024-10-31 00:17:59 [info] : Client[28] in!
2024-10-31 00:17:59 [debug]: username = zhangsan
2024-10-31 00:17:59 [debug]: Tag:0
2024-10-31 00:17:59 [info] : About database, is login:false
2024-10-31 00:17:59 [debug]: SELECT password FROM user WHERE username='zhangsan' LIMIT 1
2024-10-31 00:17:59 [info] : User zhangsan registered successfully!
2024-10-31 00:17:59 [debug]: Body:username=zhangsan&password=123456, len:33
2024-10-31 00:17:59 [debug]: [POST], [/welcome.html], [1.1]
2024-10-31 00:17:59 [debug]: Request content is /welcome.html
2024-10-31 00:17:59 [debug]: file path /project/webserver/resources/welcome.html
2024-10-31 00:17:59 [debug]: filesize:3159, 2 to 3281
2024-10-31 00:17:59 [info] : Client[29] in!
2024-10-31 00:17:59 [info] : Client[30] in!
2024-10-31 00:17:59 [info] : Client[31] in!
2024-10-31 00:17:59 [info] : Client[32] in!
2024-10-31 00:17:59 [debug]: [GET], [/css/bootstrap.min.css], [1.1]
2024-10-31 00:17:59 [debug]: Request content is /css/bootstrap.min.css
2024-10-31 00:17:59 [debug]: file path /project/webserver/resources/css/bootstrap.min.css
2024-10-31 00:17:59 [debug]: filesize:121260, 2 to 121384
2024-10-31 00:17:59 [debug]: [GET], [/css/animate.css], [1.1]
2024-10-31 00:17:59 [debug]: Request content is /css/animate.css
2024-10-31 00:17:59 [debug]: file path /project/webserver/resources/css/animate.css
2024-10-31 00:17:59 [debug]: filesize:72922, 2 to 73045
2024-10-31 00:17:59 [debug]: [GET], [/css/font-awesome.min.css], [1.1]
2024-10-31 00:17:59 [debug]: Request content is /css/font-awesome.min.css
2024-10-31 00:17:59 [debug]: file path /project/webserver/resources/css/font-awesome.min.css
2024-10-31 00:17:59 [debug]: filesize:27392, 2 to 27515
2024-10-31 00:17:59 [debug]: [GET], [/images/profile-image.jpg], [1.1]
2024-10-31 00:17:59 [debug]: Request content is /images/profile-image.jpg
2024-10-31 00:17:59 [debug]: file path /project/webserver/resources/images/profile-image.jpg
2024-10-31 00:17:59 [debug]: filesize:47176, 2 to 47300
2024-10-31 00:17:59 [debug]: [GET], [/css/magnific-popup.css], [1.1]
2024-10-31 00:17:59 [debug]: Request content is /css/magnific-popup.css
2024-10-31 00:17:59 [debug]: file path /project/webserver/resources/css/magnific-popup.css
2024-10-31 00:17:59 [debug]: filesize:6951, 2 to 7073
2024-10-31 00:17:59 [debug]: [GET], [/js/jquery.js], [1.1]
2024-10-31 00:17:59 [debug]: Request content is /js/jquery.js
2024-10-31 00:17:59 [debug]: file path /project/webserver/resources/js/jquery.js
2024-10-31 00:17:59 [debug]: filesize:85658, 2 to 85788
2024-10-31 00:17:59 [debug]: [GET], [/css/style.css], [1.1]
2024-10-31 00:17:59 [debug]: Request content is /css/style.css
2024-10-31 00:17:59 [debug]: file path /project/webserver/resources/css/style.css
2024-10-31 00:17:59 [debug]: filesize:9807, 2 to 9929
2024-10-31 00:17:59 [debug]: [GET], [/js/bootstrap.min.js], [1.1]
2024-10-31 00:17:59 [debug]: Request content is /js/bootstrap.min.js
2024-10-31 00:17:59 [debug]: file path /project/webserver/resources/js/bootstrap.min.js
2024-10-31 00:17:59 [debug]: filesize:36868, 2 to 36998
2024-10-31 00:17:59 [debug]: [GET], [/js/jquery.magnific-popup.min.js], [1.1]
2024-10-31 00:17:59 [debug]: Request content is /js/jquery.magnific-popup.min.js
2024-10-31 00:17:59 [debug]: file path /project/webserver/resources/js/jquery.magnific-popup.min.js
2024-10-31 00:17:59 [debug]: filesize:20932, 2 to 21062
2024-10-31 00:17:59 [debug]: [GET], [/js/magnific-popup-options.js], [1.1]
2024-10-31 00:17:59 [debug]: Request content is /js/magnific-popup-options.js
2024-10-31 00:17:59 [debug]: file path /project/webserver/resources/js/magnific-popup-options.js
2024-10-31 00:17:59 [debug]: filesize:1069, 2 to 1198
2024-10-31 00:17:59 [debug]: [GET], [/js/smoothscroll.js], [1.1]
2024-10-31 00:17:59 [debug]: Request content is /js/smoothscroll.js
2024-10-31 00:17:59 [debug]: file path /project/webserver/resources/js/smoothscroll.js
2024-10-31 00:17:59 [debug]: filesize:4474, 2 to 4603
2024-10-31 00:17:59 [debug]: [GET], [/js/wow.min.js], [1.1]
2024-10-31 00:17:59 [debug]: Request content is /js/wow.min.js
2024-10-31 00:17:59 [debug]: file path /project/webserver/resources/js/wow.min.js
2024-10-31 00:17:59 [debug]: filesize:7082, 2 to 7211
2024-10-31 00:17:59 [debug]: [GET], [/js/custom.js], [1.1]
2024-10-31 00:17:59 [debug]: Request content is /js/custom.js
2024-10-31 00:17:59 [debug]: file path /project/webserver/resources/js/custom.js
2024-10-31 00:17:59 [debug]: filesize:1047, 2 to 1176
2024-10-31 00:18:00 [info] : Remove thread nums: 7
2024-10-31 00:18:03 [info] : Client[27] quit, the quit reason is: Epoll cause close.
2024-10-31 00:18:03 [info] : Client [27] quit
2024-10-31 00:18:03 [info] : Client[28] quit, the quit reason is: Epoll cause close.
2024-10-31 00:18:03 [info] : Client [28] quit
2024-10-31 00:18:03 [info] : Client[32] quit, the quit reason is: Epoll cause close.
2024-10-31 00:18:03 [info] : Client [32] quit
2024-10-31 00:18:03 [info] : Client[31] quit, the quit reason is: Epoll cause close.
2024-10-31 00:18:03 [info] : Client [31] quit
2024-10-31 00:18:03 [info] : Client[29] quit, the quit reason is: Epoll cause close.
2024-10-31 00:18:03 [info] : Client [29] quit
2024-10-31 00:18:03 [info] : Client[30] quit, the quit reason is: Epoll cause close.
2024-10-31 00:18:03 [info] : Client [30] quit
2024-10-31 00:18:03 [info] : Client[27] in!
2024-10-31 00:18:03 [info] : Client[28] in!
2024-10-31 00:18:03 [debug]: [GET], [/login.html], [1.1]
2024-10-31 00:18:03 [debug]: Request content is /login.html
2024-10-31 00:18:03 [debug]: file path /project/webserver/resources/login.html
2024-10-31 00:18:03 [debug]: filesize:3294, 2 to 3416
2024-10-31 00:18:03 [debug]: [GET], [/css/bootstrap.min.css], [1.1]
2024-10-31 00:18:03 [debug]: Request content is /css/bootstrap.min.css
2024-10-31 00:18:03 [debug]: file path /project/webserver/resources/css/bootstrap.min.css
2024-10-31 00:18:03 [debug]: filesize:121260, 2 to 121384
2024-10-31 00:18:03 [info] : Client[29] in!
2024-10-31 00:18:03 [info] : Client[30] in!
2024-10-31 00:18:03 [info] : Client[31] in!
2024-10-31 00:18:03 [info] : Client[32] in!
2024-10-31 00:18:03 [debug]: [GET], [/css/animate.css], [1.1]
2024-10-31 00:18:03 [debug]: Request content is /css/animate.css
2024-10-31 00:18:03 [debug]: file path /project/webserver/resources/css/animate.css
2024-10-31 00:18:03 [debug]: filesize:72922, 2 to 73045
2024-10-31 00:18:03 [debug]: [GET], [/css/magnific-popup.css], [1.1]
2024-10-31 00:18:03 [debug]: Request content is /css/magnific-popup.css
2024-10-31 00:18:03 [debug]: file path /project/webserver/resources/css/magnific-popup.css
2024-10-31 00:18:03 [debug]: filesize:6951, 2 to 7073
2024-10-31 00:18:03 [debug]: [GET], [/css/style.css], [1.1]
2024-10-31 00:18:03 [debug]: Request content is /css/style.css
2024-10-31 00:18:03 [debug]: file path /project/webserver/resources/css/style.css
2024-10-31 00:18:03 [debug]: filesize:9807, 2 to 9929
2024-10-31 00:18:03 [debug]: [GET], [/js/jquery.js], [1.1]
2024-10-31 00:18:03 [debug]: Request content is /js/jquery.js
2024-10-31 00:18:03 [debug]: file path /project/webserver/resources/js/jquery.js
2024-10-31 00:18:03 [debug]: filesize:85658, 2 to 85788
2024-10-31 00:18:03 [debug]: [GET], [/js/bootstrap.min.js], [1.1]
2024-10-31 00:18:03 [debug]: Request content is /js/bootstrap.min.js
2024-10-31 00:18:03 [debug]: file path /project/webserver/resources/js/bootstrap.min.js
2024-10-31 00:18:03 [debug]: filesize:36868, 2 to 36998
2024-10-31 00:18:03 [debug]: [GET], [/css/font-awesome.min.css], [1.1]
2024-10-31 00:18:03 [debug]: Request content is /css/font-awesome.min.css
2024-10-31 00:18:03 [debug]: file path /project/webserver/resources/css/font-awesome.min.css
2024-10-31 00:18:03 [debug]: filesize:27392, 2 to 27515
2024-10-31 00:18:03 [debug]: [GET], [/js/smoothscroll.js], [1.1]
2024-10-31 00:18:03 [debug]: Request content is /js/smoothscroll.js
2024-10-31 00:18:03 [debug]: file path /project/webserver/resources/js/smoothscroll.js
2024-10-31 00:18:03 [debug]: filesize:4474, 2 to 4603
2024-10-31 00:18:03 [debug]: [GET], [/js/jquery.magnific-popup.min.js], [1.1]
2024-10-31 00:18:03 [debug]: Request content is /js/jquery.magnific-popup.min.js
2024-10-31 00:18:03 [debug]: file path /project/webserver/resources/js/jquery.magnific-popup.min.js
2024-10-31 00:18:03 [debug]: filesize:20932, 2 to 21062
2024-10-31 00:18:03 [debug]: [GET], [/js/magnific-popup-options.js], [1.1]
2024-10-31 00:18:03 [debug]: Request content is /js/magnific-popup-options.js
2024-10-31 00:18:03 [debug]: file path /project/webserver/resources/js/magnific-popup-options.js
2024-10-31 00:18:03 [debug]: filesize:1069, 2 to 1198
2024-10-31 00:18:03 [debug]: [GET], [/js/wow.min.js], [1.1]
2024-10-31 00:18:03 [debug]: Request content is /js/wow.min.js
2024-10-31 00:18:03 [debug]: file path /project/webserver/resources/js/wow.min.js
2024-10-31 00:18:03 [debug]: filesize:7082, 2 to 7211
2024-10-31 00:18:03 [debug]: [GET], [/js/custom.js], [1.1]
2024-10-31 00:18:03 [debug]: Request content is /js/custom.js
2024-10-31 00:18:03 [debug]: file path /project/webserver/resources/js/custom.js
2024-10-31 00:18:03 [debug]: filesize:1047, 2 to 1176
2024-10-31 00:18:05 [info] : Remove thread nums: 7
2024-10-31 00:18:10 [info] : Remove thread nums: 7
2024-10-31 00:18:11 [debug]: username = zhangsan
2024-10-31 00:18:11 [debug]: Tag:1
2024-10-31 00:18:11 [info] : About database, is login:true
2024-10-31 00:18:11 [debug]: SELECT password FROM user WHERE username='zhangsan' LIMIT 1
2024-10-31 00:18:11 [info] : User zhangsan logged in with MySQL
2024-10-31 00:18:11 [debug]: Body:username=zhangsan&password=123456, len:33
2024-10-31 00:18:11 [debug]: [POST], [/welcome.html], [1.1]
2024-10-31 00:18:11 [debug]: Request content is /welcome.html
2024-10-31 00:18:11 [debug]: file path /project/webserver/resources/welcome.html
2024-10-31 00:18:11 [debug]: filesize:3159, 2 to 3281
2024-10-31 00:18:11 [debug]: [GET], [/css/bootstrap.min.css], [1.1]
2024-10-31 00:18:11 [debug]: Request content is /css/bootstrap.min.css
2024-10-31 00:18:11 [debug]: file path /project/webserver/resources/css/bootstrap.min.css
2024-10-31 00:18:11 [debug]: filesize:121260, 2 to 121384
2024-10-31 00:18:11 [debug]: [GET], [/css/animate.css], [1.1]
2024-10-31 00:18:11 [debug]: Request content is /css/animate.css
2024-10-31 00:18:11 [debug]: file path /project/webserver/resources/css/animate.css
2024-10-31 00:18:11 [debug]: filesize:72922, 2 to 73045
2024-10-31 00:18:11 [debug]: [GET], [/css/magnific-popup.css], [1.1]
2024-10-31 00:18:11 [debug]: Request content is /css/magnific-popup.css
2024-10-31 00:18:11 [debug]: file path /project/webserver/resources/css/magnific-popup.css
2024-10-31 00:18:11 [debug]: filesize:6951, 2 to 7073
2024-10-31 00:18:11 [debug]: [GET], [/css/style.css], [1.1]
2024-10-31 00:18:11 [debug]: Request content is /css/style.css
2024-10-31 00:18:11 [debug]: file path /project/webserver/resources/css/style.css
2024-10-31 00:18:11 [debug]: filesize:9807, 2 to 9929
2024-10-31 00:18:11 [debug]: [GET], [/images/profile-image.jpg], [1.1]
2024-10-31 00:18:11 [debug]: Request content is /images/profile-image.jpg
2024-10-31 00:18:11 [debug]: file path /project/webserver/resources/images/profile-image.jpg
2024-10-31 00:18:11 [debug]: filesize:47176, 2 to 47300
2024-10-31 00:18:11 [debug]: [GET], [/js/jquery.js], [1.1]
2024-10-31 00:18:11 [debug]: Request content is /js/jquery.js
2024-10-31 00:18:11 [debug]: file path /project/webserver/resources/js/jquery.js
2024-10-31 00:18:11 [debug]: filesize:85658, 2 to 85788
2024-10-31 00:18:11 [debug]: [GET], [/css/font-awesome.min.css], [1.1]
2024-10-31 00:18:11 [debug]: Request content is /css/font-awesome.min.css
2024-10-31 00:18:11 [debug]: file path /project/webserver/resources/css/font-awesome.min.css
2024-10-31 00:18:11 [debug]: filesize:27392, 2 to 27515
2024-10-31 00:18:11 [debug]: [GET], [/js/bootstrap.min.js], [1.1]
2024-10-31 00:18:11 [debug]: Request content is /js/bootstrap.min.js
2024-10-31 00:18:11 [debug]: file path /project/webserver/resources/js/bootstrap.min.js
2024-10-31 00:18:11 [debug]: filesize:36868, 2 to 36998
2024-10-31 00:18:11 [debug]: [GET], [/js/smoothscroll.js], [1.1]
2024-10-31 00:18:11 [debug]: Request content is /js/smoothscroll.js
2024-10-31 00:18:11 [debug]: file path /project/webserver/resources/js/smoothscroll.js
2024-10-31 00:18:11 [debug]: filesize:4474, 2 to 4603
2024-10-31 00:18:11 [debug]: [GET], [/js/jquery.magnific-popup.min.js], [1.1]
2024-10-31 00:18:11 [debug]: Request content is /js/jquery.magnific-popup.min.js
2024-10-31 00:18:11 [debug]: file path /project/webserver/resources/js/jquery.magnific-popup.min.js
2024-10-31 00:18:11 [debug]: filesize:20932, 2 to 21062
2024-10-31 00:18:11 [debug]: [GET], [/js/wow.min.js], [1.1]
2024-10-31 00:18:11 [debug]: Request content is /js/wow.min.js
2024-10-31 00:18:11 [debug]: file path /project/webserver/resources/js/wow.min.js
2024-10-31 00:18:11 [debug]: filesize:7082, 2 to 7211
2024-10-31 00:18:11 [debug]: [GET], [/js/magnific-popup-options.js], [1.1]
2024-10-31 00:18:11 [debug]: Request content is /js/magnific-popup-options.js
2024-10-31 00:18:11 [debug]: file path /project/webserver/resources/js/magnific-popup-options.js
2024-10-31 00:18:11 [debug]: filesize:1069, 2 to 1198
2024-10-31 00:18:11 [debug]: [GET], [/js/custom.js], [1.1]
2024-10-31 00:18:11 [debug]: Request content is /js/custom.js
2024-10-31 00:18:11 [debug]: file path /project/webserver/resources/js/custom.js
2024-10-31 00:18:11 [debug]: filesize:1047, 2 to 1176
2024-10-31 00:18:13 [info] : Client[30] quit, the quit reason is: Epoll cause close.
2024-10-31 00:18:13 [info] : Client [30] quit
2024-10-31 00:18:13 [info] : Client[29] quit, the quit reason is: Epoll cause close.
2024-10-31 00:18:13 [info] : Client [29] quit
2024-10-31 00:18:13 [info] : Client[28] quit, the quit reason is: Epoll cause close.
2024-10-31 00:18:13 [info] : Client [28] quit
2024-10-31 00:18:13 [info] : Client[31] quit, the quit reason is: Epoll cause close.
2024-10-31 00:18:13 [info] : Client [31] quit
2024-10-31 00:18:13 [info] : Client[27] quit, the quit reason is: Epoll cause close.
2024-10-31 00:18:13 [info] : Client [27] quit
2024-10-31 00:18:13 [info] : Client[32] quit, the quit reason is: Epoll cause close.
2024-10-31 00:18:13 [info] : Client [32] quit
2024-10-31 00:18:15 [info] : Remove thread nums: 7
2024-10-31 00:18:20 [info] : Remove thread nums: 7
2024-10-31 00:18:25 [info] : Remove thread nums: 7
2024-10-31 00:18:30 [info] : Remove thread nums: 7
2024-10-31 00:18:35 [info] : Remove thread nums: 7
2024-10-31 00:18:40 [info] : Remove thread nums: 7
2024-10-31 00:18:45 [info] : Remove thread nums: 7
2024-10-31 00:18:50 [info] : Remove thread nums: 7
2024-10-31 00:18:55 [info] : Remove thread nums: 7
2024-10-31 00:19:00 [info] : Remove thread nums: 7
2024-10-31 00:19:05 [info] : Remove thread nums: 7
2024-10-31 00:19:10 [info] : Remove thread nums: 7
2024-10-31 00:19:15 [info] : Remove thread nums: 7
2024-10-31 00:19:20 [info] : Remove thread nums: 7
2024-10-31 00:19:25 [info] : Remove thread nums: 7
2024-10-31 00:19:30 [info] : Remove thread nums: 7
2024-10-31 00:19:35 [info] : Remove thread nums: 7
2024-10-31 00:19:40 [info] : Remove thread nums: 7
2024-10-31 00:19:45 [info] : Remove thread nums: 7
2024-10-31 00:19:50 [info] : Remove thread nums: 7
2024-10-31 00:19:55 [info] : Remove thread nums: 7
2024-10-31 00:20:00 [info] : Remove thread nums: 7
2024-10-31 00:20:05 [info] : Remove thread nums: 7
2024-10-31 00:20:10 [info] : Remove thread nums: 7
2024-10-31 00:20:16 [info] : Remove thread nums: 7
2024-10-31 00:20:21 [info] : Remove thread nums: 7
2024-10-31 00:20:26 [info] : Remove thread nums: 7
2024-10-31 00:20:31 [info] : Remove thread nums: 7
2024-10-31 00:20:36 [info] : Remove thread nums: 7
2024-10-31 00:20:41 [info] : Remove thread nums: 7
2024-10-31 00:20:46 [info] : Remove thread nums: 7
2024-10-31 00:20:51 [info] : Remove thread nums: 7
2024-10-31 00:20:56 [info] : Remove thread nums: 7
2024-10-31 00:21:01 [info] : Remove thread nums: 7
2024-10-31 00:21:06 [info] : Remove thread nums: 7
2024-10-31 00:21:11 [info] : Remove thread nums: 7
2024-10-31 00:21:16 [info] : Remove thread nums: 7
2024-10-31 00:21:21 [info] : Remove thread nums: 7
2024-10-31 00:21:26 [info] : Remove thread nums: 7
2024-10-31 00:21:31 [info] : Remove thread nums: 7
2024-10-31 00:21:36 [info] : Remove thread nums: 7
2024-10-31 00:21:41 [info] : Remove thread nums: 7
2024-10-31 00:21:46 [info] : Remove thread nums: 7
2024-10-31 00:21:51 [info] : Remove thread nums: 7
2024-10-31 00:21:56 [info] : Remove thread nums: 7
2024-10-31 00:22:01 [info] : Remove thread nums: 7
2024-10-31 00:22:06 [info] : Remove thread nums: 7
2024-10-31 00:22:11 [info] : Remove thread nums: 7
2024-10-31 00:22:16 [info] : Remove thread nums: 7
2024-10-31 00:22:21 [info] : Remove thread nums: 7
2024-10-31 00:22:26 [info] : Remove thread nums: 7
2024-10-31 00:22:31 [info] : Remove thread nums: 7
2024-10-31 00:22:36 [info] : Remove thread nums: 7
2024-10-31 00:22:41 [info] : Remove thread nums: 7
2024-10-31 00:22:46 [info] : Remove thread nums: 7
2024-10-31 00:22:51 [info] : Remove thread nums: 7
2024-10-31 00:22:56 [info] : Remove thread nums: 7
2024-10-31 00:23:01 [info] : Remove thread nums: 7
2024-10-31 00:23:06 [info] : Remove thread nums: 7
2024-10-31 00:23:11 [info] : Remove thread nums: 7
2024-10-31 00:23:16 [info] : Remove thread nums: 7
2024-10-31 00:23:21 [info] : Remove thread nums: 7
2024-10-31 00:23:26 [info] : Remove thread nums: 7
2024-10-31 00:23:31 [info] : Remove thread nums: 7
2024-10-31 00:23:36 [info] : Remove thread nums: 7
2024-10-31 00:23:41 [info] : Remove thread nums: 7
2024-10-31 00:23:46 [info] : Remove thread nums: 7
2024-10-31 00:23:51 [info] : Remove thread nums: 7
2024-10-31 00:23:56 [info] : Remove thread nums: 7
2024-10-31 00:24:01 [info] : Remove thread nums: 7
2024-10-31 00:24:06 [info] : Remove thread nums: 7
2024-10-31 00:24:11 [info] : Remove thread nums: 7
2024-10-31 00:24:16 [info] : Remove thread nums: 7
2024-10-31 00:24:21 [info] : Remove thread nums: 7
2024-10-31 00:24:26 [info] : Remove thread nums: 7
2024-10-31 00:24:31 [info] : Remove thread nums: 7
2024-10-31 00:24:36 [info] : Remove thread nums: 7
2024-10-31 00:24:41 [info] : Remove thread nums: 7
2024-10-31 00:24:46 [info] : Remove thread nums: 7
2024-10-31 00:24:51 [info] : Remove thread nums: 7
2024-10-31 00:24:56 [info] : Remove thread nums: 7
2024-10-31 00:25:01 [info] : Remove thread nums: 7
2024-10-31 00:25:06 [info] : Remove thread nums: 7
2024-10-31 00:25:11 [info] : Remove thread nums: 7
2024-10-31 00:25:16 [info] : Remove thread nums: 7
2024-10-31 00:25:21 [info] : Remove thread nums: 7
2024-10-31 00:25:26 [info] : Remove thread nums: 7
2024-10-31 00:25:31 [info] : Remove thread nums: 7
2024-10-31 00:25:36 [info] : Remove thread nums: 7
2024-10-31 00:25:41 [info] : Remove thread nums: 7
2024-10-31 00:25:46 [info] : Remove thread nums: 7
2024-10-31 00:25:51 [info] : Remove thread nums: 7
2024-10-31 00:25:56 [info] : Remove thread nums: 7
2024-10-31 00:26:01 [info] : Remove thread nums: 7
2024-10-31 00:26:06 [info] : Remove thread nums: 7
2024-10-31 00:26:11 [info] : Remove thread nums: 7
2024-10-31 00:26:16 [info] : Remove thread nums: 7
2024-10-31 00:26:21 [info] : Remove thread nums: 7
2024-10-31 00:26:26 [info] : Remove thread nums: 7
2024-10-31 00:26:31 [info] : Remove thread nums: 7
2024-10-31 00:26:36 [info] : Remove thread nums: 7
2024-10-31 00:26:41 [info] : Remove thread nums: 7
2024-10-31 00:26:46 [info] : Remove thread nums: 7
2024-10-31 00:26:51 [info] : Remove thread nums: 7
2024-10-31 00:26:56 [info] : Remove thread nums: 7
2024-10-31 00:27:01 [info] : Remove thread nums: 7
2024-10-31 00:27:06 [info] : Remove thread nums: 7
2024-10-31 00:27:11 [info] : Remove thread nums: 7
2024-10-31 00:27:16 [info] : Remove thread nums: 7
2024-10-31 00:27:21 [info] : Remove thread nums: 7
2024-10-31 00:27:26 [info] : Remove thread nums: 7
2024-10-31 00:27:31 [info] : Remove thread nums: 7
2024-10-31 00:27:36 [info] : Remove thread nums: 7
2024-10-31 00:27:41 [info] : Remove thread nums: 7
2024-10-31 00:27:46 [info] : Remove thread nums: 7
2024-10-31 00:27:51 [info] : Remove thread nums: 7
2024-10-31 00:27:56 [info] : Remove thread nums: 7
2024-10-31 00:28:01 [info] : Remove thread nums: 7
2024-10-31 00:28:06 [info] : Remove thread nums: 7
2024-10-31 00:28:11 [info] : Remove thread nums: 7
2024-10-31 00:28:16 [info] : Remove thread nums: 7
2024-10-31 00:28:21 [info] : Remove thread nums: 7
2024-10-31 00:28:26 [info] : Remove thread nums: 7
2024-10-31 00:28:31 [info] : Remove thread nums: 7
2024-10-31 00:28:36 [info] : Remove thread nums: 7
2024-10-31 00:28:41 [info] : Remove thread nums: 7
2024-10-31 00:28:46 [info] : Remove thread nums: 7
