2024-10-22 00:08:07 [info] : Base thread nums: 10
2024-10-22 00:08:07 [info] : ========== Server init ==========
2024-10-22 00:08:07 [debug]: resource directory is /project/webserver/resources
2024-10-22 00:08:07 [info] : Server port:1317
2024-10-22 00:08:07 [info] : SSL server initialized with cert: /project/webserver/sslCertFile/certFile.pem and key: /project/webserver/sslCertFile/keyFile.pem
2024-10-22 00:08:07 [info] : ========== Server start ==========
2024-10-22 00:08:12 [info] : Remove thread nums: 6
2024-10-22 00:08:14 [info] : SSL handshake successful for client socket: 28
2024-10-22 00:08:14 [info] : Client[28] in!
2024-10-22 00:08:14 [info] : SSL handshake successful for client socket: 29
2024-10-22 00:08:14 [info] : Client[29] in!
2024-10-22 00:08:17 [info] : Add thread nums: 2
2024-10-22 00:08:17 [info] : Client[29] quit!
2024-10-22 00:08:37 [info] : Remove thread nums: 8
2024-10-22 00:08:58 [info] : Remove thread nums: 8
2024-10-22 00:08:58 [debug]: [GET], [/index.html], [1.1]
2024-10-22 00:08:58 [debug]: Request content is /index.html
2024-10-22 00:08:58 [debug]: file path /project/webserver/resources/index.html
2024-10-22 00:08:58 [debug]: filesize:3057, 2 to 3179
2024-10-22 00:09:27 [info] : Remove thread nums: 8
