2024-10-20 16:09:54 [info] : Base thread nums: 10
2024-10-20 16:09:54 [info] : ========== Server init ==========
2024-10-20 16:09:54 [debug]: resource directory is /project/webserver/resources
2024-10-20 16:09:54 [info] : Server port:1317
2024-10-20 16:09:54 [info] : SSL server initialized with cert: /project/webserver/sslCertFile/certFile.pem and key: /project/webserver/sslCertFile/keyFile.pem
2024-10-20 16:09:54 [info] : ========== Server start ==========
2024-10-20 16:09:59 [info] : SSL handshake successful for client socket: 28
2024-10-20 16:09:59 [info] : Client[28] in!
2024-10-20 16:09:59 [info] : SSL handshake successful for client socket: 29
2024-10-20 16:09:59 [info] : Client[29] in!
2024-10-20 16:09:59 [info] : Add thread nums: 2
2024-10-20 16:09:59 [info] : Client[29] quit!
2024-10-20 16:09:59 [debug]: [GET], [/index.html], [1.1]
2024-10-20 16:09:59 [debug]: Request content is /index.html
2024-10-20 16:09:59 [debug]: file path /project/webserver/resources/index.html
2024-10-20 16:09:59 [debug]: filesize:3057, 2 to 3179
2024-10-20 16:09:59 [info] : Client[28] quit!
2024-10-20 16:09:59 [error]: RequestLine Error, line is: À4¼ g
2024-10-20 16:09:59 [debug]: file path /project/webserver/resources/404.html
2024-10-20 16:09:59 [debug]: filesize:3058, 2 to 3150
2024-10-20 16:09:59 [info] : SSL handshake successful for client socket: 30
2024-10-20 16:09:59 [info] : Client[30] in!
2024-10-20 16:09:59 [info] : SSL handshake successful for client socket: 31
2024-10-20 16:09:59 [info] : Client[31] in!
2024-10-20 16:09:59 [info] : SSL handshake successful for client socket: 32
2024-10-20 16:09:59 [info] : Client[32] in!
2024-10-20 16:09:59 [info] : SSL handshake successful for client socket: 33
2024-10-20 16:09:59 [info] : Client[33] in!
2024-10-20 16:09:59 [info] : SSL handshake successful for client socket: 34
2024-10-20 16:09:59 [info] : Client[34] in!
2024-10-20 16:09:59 [info] : SSL handshake successful for client socket: 35
2024-10-20 16:09:59 [info] : Client[35] in!
2024-10-20 16:09:59 [debug]: [GET], [/css/magnific-popup.css], [1.1]
2024-10-20 16:09:59 [debug]: Request content is /css/magnific-popup.css
2024-10-20 16:09:59 [debug]: [GET], [/css/animate.css], [1.1]
2024-10-20 16:09:59 [debug]: Request content is /css/animate.css
2024-10-20 16:09:59 [debug]: file path /project/webserver/resources/css/magnific-popup.css
2024-10-20 16:09:59 [debug]: file path /project/webserver/resources/css/animate.css
2024-10-20 16:09:59 [debug]: filesize:6951, 2 to 7073
2024-10-20 16:09:59 [debug]: filesize:72922, 2 to 73045
2024-10-20 16:09:59 [debug]: [GET], [/images/profile-image.jpg], [1.1]
2024-10-20 16:09:59 [debug]: Request content is /images/profile-image.jpg
2024-10-20 16:09:59 [debug]: file path /project/webserver/resources/images/profile-image.jpg
2024-10-20 16:09:59 [debug]: filesize:47176, 2 to 47300
2024-10-20 16:09:59 [debug]: [GET], [/css/style.css], [1.1]
2024-10-20 16:09:59 [debug]: Request content is /css/style.css
2024-10-20 16:09:59 [debug]: file path /project/webserver/resources/css/style.css
2024-10-20 16:09:59 [debug]: filesize:9807, 2 to 9929
2024-10-20 16:09:59 [debug]: Body:, len:0
2024-10-20 16:09:59 [debug]: [GET], [/css/font-awesome.min.css], [1.1]
2024-10-20 16:09:59 [debug]: Request content is /css/font-awesome.min.css
2024-10-20 16:09:59 [debug]: file path /project/webserver/resources/css/font-awesome.min.css
2024-10-20 16:09:59 [debug]: filesize:27392, 2 to 27515
2024-10-20 16:09:59 [debug]: [GET], [/css/bootstrap.min.css], [1.1]
2024-10-20 16:09:59 [debug]: Request content is /css/bootstrap.min.css
2024-10-20 16:09:59 [debug]: file path /project/webserver/resources/css/bootstrap.min.css
2024-10-20 16:09:59 [debug]: filesize:121260, 2 to 121384
2024-10-20 16:09:59 [error]: RequestLine Error, line is: Àäÿ›g
2024-10-20 16:09:59 [debug]: file path /project/webserver/resources/404.html
2024-10-20 16:09:59 [debug]: filesize:3058, 2 to 3150
2024-10-20 16:09:59 [info] : Client[32] quit!
2024-10-20 16:09:59 [error]: RequestLine Error, line is: À4¼ g
2024-10-20 16:09:59 [debug]: file path /project/webserver/resources/404.html
2024-10-20 16:09:59 [debug]: filesize:3058, 2 to 3150
2024-10-20 16:09:59 [info] : Client[30] quit!
2024-10-20 16:09:59 [error]: RequestLine Error, line is: À4¼ g
2024-10-20 16:09:59 [debug]: file path /project/webserver/resources/404.html
2024-10-20 16:09:59 [debug]: filesize:3058, 2 to 3150
2024-10-20 16:09:59 [info] : Client[31] quit!
2024-10-20 16:09:59 [error]: RequestLine Error, line is: À4¼ g
2024-10-20 16:09:59 [debug]: file path /project/webserver/resources/404.html
2024-10-20 16:09:59 [debug]: filesize:3058, 2 to 3150
2024-10-20 16:09:59 [info] : SSL handshake successful for client socket: 36
2024-10-20 16:09:59 [info] : Client[36] in!
2024-10-20 16:09:59 [debug]: [ ˜ó¡gGET], [/js/jquery.magnific-popup.min.js], [1.1]
2024-10-20 16:09:59 [debug]: Request content is /js/jquery.magnific-popup.min.js
2024-10-20 16:09:59 [debug]: file path /project/webserver/resources/js/jquery.magnific-popup.min.js
2024-10-20 16:09:59 [debug]: filesize:20932, 2 to 21062
2024-10-20 16:09:59 [error]: RequestLine Error, line is: `
2024-10-20 16:09:59 [error]: RequestLine Error, line is: àóÕU
2024-10-20 16:09:59 [debug]: file path /project/webserver/resources/404.html
2024-10-20 16:09:59 [debug]: file path /project/webserver/resources/404.html
2024-10-20 16:09:59 [debug]: filesize:3058, 2 to 3194
2024-10-20 16:09:59 [debug]: filesize:3058, 2 to 3082
2024-10-20 16:09:59 [info] : Client[35] quit!
2024-10-20 16:09:59 [info] : Client[34] quit!
2024-10-20 16:09:59 [debug]: [GET], [/js/custom.js], [1.1]
2024-10-20 16:09:59 [debug]: Request content is /js/custom.js
2024-10-20 16:09:59 [debug]: file path /project/webserver/resources/js/custom.js
2024-10-20 16:09:59 [debug]: filesize:1047, 2 to 1176
2024-10-20 16:10:04 [info] : Remove thread nums: 8
2024-10-20 16:10:09 [info] : Remove thread nums: 8
2024-10-20 16:10:14 [info] : Add thread nums: 2
2024-10-20 16:10:19 [info] : Remove thread nums: 10
2024-10-20 16:10:24 [info] : Remove thread nums: 10
2024-10-20 16:10:29 [info] : Remove thread nums: 10
2024-10-20 16:10:34 [info] : Remove thread nums: 10
2024-10-20 16:10:39 [info] : Remove thread nums: 10
2024-10-20 16:10:44 [info] : Remove thread nums: 10
2024-10-20 16:10:49 [info] : Remove thread nums: 10
2024-10-20 16:10:54 [info] : Remove thread nums: 10
